0 info it worked if it ends with ok
1 verbose cli [ 'C:\\Program Files\\nodejs\\node.exe',
1 verbose cli   'C:\\Program Files\\nodejs\\node_modules\\npm\\bin\\npm-cli.js',
1 verbose cli   'run',
1 verbose cli   'build' ]
2 info using npm@3.10.8
3 info using node@v6.9.1
4 verbose run-script [ 'prebuild', 'build', 'postbuild' ]
5 info lifecycle react-material@1.3.0~prebuild: react-material@1.3.0
6 silly lifecycle react-material@1.3.0~prebuild: no script for prebuild, continuing
7 info lifecycle react-material@1.3.0~build: react-material@1.3.0
8 verbose lifecycle react-material@1.3.0~build: unsafe-perm in lifecycle true
9 verbose lifecycle react-material@1.3.0~build: PATH: C:\Program Files\nodejs\node_modules\npm\bin\node-gyp-bin;D:\Work\simpleLP\node_modules\.bin;C:\ProgramData\Oracle\Java\javapath;C:\Program Files (x86)\Java\jdk1.8.0_20\bin;C:\Program Files\nodejs\;C:\Program Files (x86)\Skype\Phone\;C:\Program Files\Git\cmd;C:\ProgramData\ComposerSetup\bin;"C:\Program Files (x86)\Java\jdk1.8.0_20\bin";C:\Users\maximka\AppData\Roaming\npm;C:\Program Files\Heroku\bin;C:\Program Files\Fiddler;C:\Windows\system32;C:\Windows;C:\Windows\System32\Wbem;C:\Users\maximka\AppData\Roaming\Composer\vendor\bin;C:\OSPanel\modules\php\PHP-7.2
10 verbose lifecycle react-material@1.3.0~build: CWD: D:\Work\simpleLP
11 silly lifecycle react-material@1.3.0~build: Args: [ '/d /s /c', 'webpack --progress --bail --env dist -p' ]
12 silly lifecycle react-material@1.3.0~build: Returned: code: 2  signal: null
13 info lifecycle react-material@1.3.0~build: Failed to exec build script
14 verbose stack Error: react-material@1.3.0 build: `webpack --progress --bail --env dist -p`
14 verbose stack Exit status 2
14 verbose stack     at EventEmitter.<anonymous> (C:\Program Files\nodejs\node_modules\npm\lib\utils\lifecycle.js:255:16)
14 verbose stack     at emitTwo (events.js:106:13)
14 verbose stack     at EventEmitter.emit (events.js:191:7)
14 verbose stack     at ChildProcess.<anonymous> (C:\Program Files\nodejs\node_modules\npm\lib\utils\spawn.js:40:14)
14 verbose stack     at emitTwo (events.js:106:13)
14 verbose stack     at ChildProcess.emit (events.js:191:7)
14 verbose stack     at maybeClose (internal/child_process.js:877:16)
14 verbose stack     at Process.ChildProcess._handle.onexit (internal/child_process.js:226:5)
15 verbose pkgid react-material@1.3.0
16 verbose cwd D:\Work\simpleLP
17 error Windows_NT 6.3.9600
18 error argv "C:\\Program Files\\nodejs\\node.exe" "C:\\Program Files\\nodejs\\node_modules\\npm\\bin\\npm-cli.js" "run" "build"
19 error node v6.9.1
20 error npm  v3.10.8
21 error code ELIFECYCLE
22 error react-material@1.3.0 build: `webpack --progress --bail --env dist -p`
22 error Exit status 2
23 error Failed at the react-material@1.3.0 build script 'webpack --progress --bail --env dist -p'.
23 error Make sure you have the latest version of node.js and npm installed.
23 error If you do, this is most likely a problem with the react-material package,
23 error not with npm itself.
23 error Tell the author that this fails on your system:
23 error     webpack --progress --bail --env dist -p
23 error You can get information on how to open an issue for this project with:
23 error     npm bugs react-material
23 error Or if that isn't available, you can get their info via:
23 error     npm owner ls react-material
23 error There is likely additional logging output above.
24 verbose exit [ 1, true ]
